<?xml version="1.0" encoding="UTF-8"?>
<!-- Generated by org.testng.reporters.JUnitReportReporter -->
<testsuite hostname="Aravindh-PC" failures="0" tests="1" name="com.qa.webdriver.WMTest" time="58.845" errors="0" timestamp="09 May 2019 01:52:59 GMT" skipped="0">
  <testcase classname="com.qa.webdriver.WMTest" name="freecrmtitletest" time="58.845"/>
</testsuite> <!-- com.qa.webdriver.WMTest -->
